<?xml version="1.0" encoding="UTF-8"?>
<testsuite xmlns:xsi="http://www.w3.org/2001/XMLSchema-instance" xsi:schemaLocation="https://maven.apache.org/surefire/maven-surefire-plugin/xsd/surefire-test-report.xsd" name="TestSuite" time="15" tests="4" errors="0" skipped="0" failures="1">
  <properties>
[...]
</properties>
  <testcase name="feature" classname="runner.TestRunner" time="0.27">
    <failure message="java.lang.ExceptionInInitializerError" type="cucumber.runtime.CucumberException">cucumber.runtime.CucumberException: java.lang.ExceptionInInitializerError
Caused by: java.lang.ExceptionInInitializerError
Caused by: java.lang.reflect.InaccessibleObjectException: Unable to make field private final java.util.Comparator java.util.TreeMap.comparator accessible: module java.base does not "opens java.util" to unnamed module @685fa119
</failure>
    <system-out><![CDATA[Feature: User Registration
  I want to check that user can register in our e-commerce website.

  Scenario: User Registration                         &amp#27;[90m# UserRegistraion.feature:4&amp#27;[0m
    &amp#27;[31mGiven &amp#27;[0m&amp#27;[31mthe user in the home page&amp#27;[0m                   &amp#27;[90m# UserRegistration.the_user_in_the_home_page()&amp#27;[0m
      &amp#27;[31mjava.lang.ExceptionInInitializerError
      	at cucumber.deps.com.thoughtworks.xstream.XStream.setupConverters(XStream.java:820)
      	at cucumber.deps.com.thoughtworks.xstream.XStream.<init>(XStream.java:574)
      	at cucumber.deps.com.thoughtworks.xstream.XStream.<init>(XStream.java:530)
      	at cucumber.runtime.xstream.LocalizedXStreams$LocalizedXStream.<init>(LocalizedXStreams.java:50)
      	at cucumber.runtime.xstream.LocalizedXStreams.newXStream(LocalizedXStreams.java:37)
      	at cucumber.runtime.xstream.LocalizedXStreams.get(LocalizedXStreams.java:29)
      	at cucumber.runtime.StepDefinitionMatch.runStep(StepDefinitionMatch.java:37)
      	at cucumber.runtime.Runtime.runStep(Runtime.java:300)
      	at cucumber.runtime.model.StepContainer.runStep(StepContainer.java:44)
      	at cucumber.runtime.model.StepContainer.runSteps(StepContainer.java:39)
      	at cucumber.runtime.model.CucumberScenario.run(CucumberScenario.java:44)
      	at cucumber.runtime.model.CucumberFeature.run(CucumberFeature.java:165)
      	at cucumber.api.testng.TestNGCucumberRunner.runCucumber(TestNGCucumberRunner.java:63)
      	at cucumber.api.testng.AbstractTestNGCucumberTests.feature(AbstractTestNGCucumberTests.java:21)
      	at java.base/jdk.internal.reflect.DirectMethodHandleAccessor.invoke(DirectMethodHandleAccessor.java:104)
      	at java.base/java.lang.reflect.Method.invoke(Method.java:577)
      	at org.testng.internal.MethodInvocationHelper.invokeMethod(MethodInvocationHelper.java:134)
      	at org.testng.internal.TestInvoker.invokeMethod(TestInvoker.java:597)
      	at org.testng.internal.TestInvoker.invokeTestMethod(TestInvoker.java:173)
      	at org.testng.internal.MethodRunner.runInSequence(MethodRunner.java:46)
      	at org.testng.internal.TestInvoker$MethodInvocationAgent.invoke(TestInvoker.java:816)
      	at org.testng.internal.TestInvoker.invokeTestMethods(TestInvoker.java:146)
      	at org.testng.internal.TestMethodWorker.invokeTestMethods(TestMethodWorker.java:146)
      	at org.testng.internal.TestMethodWorker.run(TestMethodWorker.java:128)
      	at java.base/java.util.ArrayList.forEach(ArrayList.java:1511)
      	at org.testng.TestRunner.privateRun(TestRunner.java:766)
      	at org.testng.TestRunner.run(TestRunner.java:587)
      	at org.testng.SuiteRunner.runTest(SuiteRunner.java:384)
      	at org.testng.SuiteRunner.runSequentially(SuiteRunner.java:378)
      	at org.testng.SuiteRunner.privateRun(SuiteRunner.java:337)
      	at org.testng.SuiteRunner.run(SuiteRunner.java:286)
      	at org.testng.SuiteRunnerWorker.runSuite(SuiteRunnerWorker.java:53)
      	at org.testng.SuiteRunnerWorker.run(SuiteRunnerWorker.java:96)
      	at org.testng.TestNG.runSuitesSequentially(TestNG.java:1187)
      	at org.testng.TestNG.runSuitesLocally(TestNG.java:1109)
      	at org.testng.TestNG.runSuites(TestNG.java:1039)
      	at org.testng.TestNG.run(TestNG.java:1007)
      	at org.apache.maven.surefire.testng.TestNGExecutor.run(TestNGExecutor.java:132)
      	at org.apache.maven.surefire.testng.TestNGDirectoryTestSuite.executeMulti(TestNGDirectoryTestSuite.java:193)
      	at org.apache.maven.surefire.testng.TestNGDirectoryTestSuite.execute(TestNGDirectoryTestSuite.java:94)
      	at org.apache.maven.surefire.testng.TestNGProvider.invoke(TestNGProvider.java:147)
      	at org.apache.maven.surefire.booter.ForkedBooter.invokeProviderInSameClassLoader(ForkedBooter.java:290)
      	at org.apache.maven.surefire.booter.ForkedBooter.runSuitesInProcess(ForkedBooter.java:242)
      	at org.apache.maven.surefire.booter.ForkedBooter.main(ForkedBooter.java:121)
      	at ✽.Given the user in the home page(UserRegistraion.feature:5)
      Caused by: java.lang.reflect.InaccessibleObjectException: Unable to make field private final java.util.Comparator java.util.TreeMap.comparator accessible: module java.base does not "opens java.util" to unnamed module @685fa119
      	at java.base/java.lang.reflect.AccessibleObject.checkCanSetAccessible(AccessibleObject.java:354)
      	at java.base/java.lang.reflect.AccessibleObject.checkCanSetAccessible(AccessibleObject.java:297)
      	at java.base/java.lang.reflect.Field.checkCanSetAccessible(Field.java:180)
      	at java.base/java.lang.reflect.Field.setAccessible(Field.java:174)
      	at cucumber.deps.com.thoughtworks.xstream.core.util.Fields.locate(Fields.java:39)
      	at cucumber.deps.com.thoughtworks.xstream.converters.collections.TreeMapConverter.<clinit>(TreeMapConverter.java:50)
      	at cucumber.deps.com.thoughtworks.xstream.XStream.setupConverters(XStream.java:820)
      	at cucumber.deps.com.thoughtworks.xstream.XStream.<init>(XStream.java:574)
      	at cucumber.deps.com.thoughtworks.xstream.XStream.<init>(XStream.java:530)
      	at cucumber.runtime.xstream.LocalizedXStreams$LocalizedXStream.<init>(LocalizedXStreams.java:50)
      	at cucumber.runtime.xstream.LocalizedXStreams.newXStream(LocalizedXStreams.java:37)
      	at cucumber.runtime.xstream.LocalizedXStreams.get(LocalizedXStreams.java:29)
      	at cucumber.runtime.StepDefinitionMatch.runStep(StepDefinitionMatch.java:37)
      	at cucumber.runtime.Runtime.runStep(Runtime.java:300)
      	at cucumber.runtime.model.StepContainer.runStep(StepContainer.java:44)
      	at cucumber.runtime.model.StepContainer.runSteps(StepContainer.java:39)
      	at cucumber.runtime.model.CucumberScenario.run(CucumberScenario.java:44)
      	at cucumber.runtime.model.CucumberFeature.run(CucumberFeature.java:165)
      	at cucumber.api.testng.TestNGCucumberRunner.runCucumber(TestNGCucumberRunner.java:63)
      	at cucumber.api.testng.AbstractTestNGCucumberTests.feature(AbstractTestNGCucumberTests.java:21)
      	at java.base/jdk.internal.reflect.DirectMethodHandleAccessor.invoke(DirectMethodHandleAccessor.java:104)
      	at java.base/java.lang.reflect.Method.invoke(Method.java:577)
      	at org.testng.internal.MethodInvocationHelper.invokeMethod(MethodInvocationHelper.java:134)
      	at org.testng.internal.TestInvoker.invokeMethod(TestInvoker.java:597)
      	at org.testng.internal.TestInvoker.invokeTestMethod(TestInvoker.java:173)
      	at org.testng.internal.MethodRunner.runInSequence(MethodRunner.java:46)
      	at org.testng.internal.TestInvoker$MethodInvocationAgent.invoke(TestInvoker.java:816)
      	at org.testng.internal.TestInvoker.invokeTestMethods(TestInvoker.java:146)
      	at org.testng.internal.TestMethodWorker.invokeTestMethods(TestMethodWorker.java:146)
      	at org.testng.internal.TestMethodWorker.run(TestMethodWorker.java:128)
      	at java.base/java.util.ArrayList.forEach(ArrayList.java:1511)
      	at org.testng.TestRunner.privateRun(TestRunner.java:766)
      	at org.testng.TestRunner.run(TestRunner.java:587)
      	at org.testng.SuiteRunner.runTest(SuiteRunner.java:384)
      	at org.testng.SuiteRunner.runSequentially(SuiteRunner.java:378)
      	at org.testng.SuiteRunner.privateRun(SuiteRunner.java:337)
      	at org.testng.SuiteRunner.run(SuiteRunner.java:286)
      	at org.testng.SuiteRunnerWorker.runSuite(SuiteRunnerWorker.java:53)
      	at org.testng.SuiteRunnerWorker.run(SuiteRunnerWorker.java:96)
      	at org.testng.TestNG.runSuitesSequentially(TestNG.java:1187)
      	at org.testng.TestNG.runSuitesLocally(TestNG.java:1109)
      	at org.testng.TestNG.runSuites(TestNG.java:1039)
      	at org.testng.TestNG.run(TestNG.java:1007)
      	at org.apache.maven.surefire.testng.TestNGExecutor.run(TestNGExecutor.java:132)
      	at org.apache.maven.surefire.testng.TestNGDirectoryTestSuite.executeMulti(TestNGDirectoryTestSuite.java:193)
      	at org.apache.maven.surefire.testng.TestNGDirectoryTestSuite.execute(TestNGDirectoryTestSuite.java:94)
      	at org.apache.maven.surefire.testng.TestNGProvider.invoke(TestNGProvider.java:147)
      	at org.apache.maven.surefire.booter.ForkedBooter.invokeProviderInSameClassLoader(ForkedBooter.java:290)
      	at org.apache.maven.surefire.booter.ForkedBooter.runSuitesInProcess(ForkedBooter.java:242)
      	at org.apache.maven.surefire.booter.ForkedBooter.main(ForkedBooter.java:121)
      &amp#27;[0m
    &amp#27;[36mWhen &amp#27;[0m&amp#27;[36mI click on register button&amp#27;[0m                   &amp#27;[90m# UserRegistration.i_click_on_register_button()&amp#27;[0m
    &amp#27;[36mAnd &amp#27;[0m&amp#27;[36mI entered the user data&amp#27;[0m                       &amp#27;[90m# UserRegistration.i_entered_the_user_data()&amp#27;[0m
    &amp#27;[36mThen &amp#27;[0m&amp#27;[36mThe registration page displayed successfully&amp#27;[0m &amp#27;[90m# UserRegistration.the_registration_page_displayed_successfully()&amp#27;[0m
]]></system-out>
    <system-err><![CDATA[SLF4J: Failed to load class "org.slf4j.impl.StaticLoggerBinder".
SLF4J: Defaulting to no-operation (NOP) logger implementation
SLF4J: See http://www.slf4j.org/codes.html#StaticLoggerBinder for further details.
Starting ChromeDriver 103.0.5060.53 (a1711811edd74ff1cf2150f36ffa3b0dae40b17f-refs/branch-heads/5060@{#853}) on port 24345
Only local connections are allowed.
Please see https://chromedriver.chromium.org/security-considerations for suggestions on keeping ChromeDriver safe.
ChromeDriver was started successfully.
Aug 07, 2022 8:00:03 PM org.openqa.selenium.remote.ProtocolHandshake createSession
INFO: Detected dialect: W3C
]]></system-err>
  </testcase>
  <testcase name="TestRegister" classname="testPages.TestRegistration" time="2.245"/>
  <testcase name="TestLogout" classname="testPages.TestRegistration" time="0.967"/>
  <testcase name="TestLogin" classname="testPages.TestRegistration" time="1.401"/>
</testsuite>