<?xml version="1.0" encoding="UTF-8"?>
<testsuite xmlns:xsi="http://www.w3.org/2001/XMLSchema-instance" xsi:schemaLocation="https://maven.apache.org/surefire/maven-surefire-plugin/xsd/surefire-test-report.xsd" name="TestSuite" time="8.343" tests="92" errors="0" skipped="91" failures="1">
  <properties>
[...]
</properties>
  <testcase name="startDriver" classname="tests.WishlistPageTest" time="1.968">
    <failure type="java.lang.NullPointerException">java.lang.NullPointerException
</failure>
    <system-err><![CDATA[SLF4J: Failed to load class "org.slf4j.impl.StaticLoggerBinder".
SLF4J: Defaulting to no-operation (NOP) logger implementation
SLF4J: See http://www.slf4j.org/codes.html#StaticLoggerBinder for further details.
]]></system-err>
  </testcase>
  <testcase name="searchForItemUsingAutoSuggession" classname="tests.WishlistPageTest" time="0">
    <skipped/>
    <system-out><![CDATA[No features found at [classpath:tests]
]]></system-out>
  </testcase>
  <testcase name="takeScreenshotOnFailure" classname="tests.WishlistPageTest" time="0">
    <skipped/>
  </testcase>
  <testcase name="takeScreenshotOnFailure" classname="tests.WishlistPageTest" time="0">
    <skipped/>
  </testcase>
  <testcase name="takeScreenshotOnFailure" classname="tests.WishlistPageTest" time="0">
    <skipped/>
  </testcase>
  <testcase name="addProductTowishlist" classname="tests.WishlistPageTest" time="0">
    <skipped/>
  </testcase>
  <testcase name="removeProductFromWishlist" classname="tests.WishlistPageTest" time="0">
    <skipped/>
  </testcase>
  <testcase name="searchForItemAndAddItToCart" classname="tests.GuestCheckoutTest" time="0">
    <skipped/>
    <system-out><![CDATA[
0 Scenarios
0 Steps
0m0.000s

No features found at [classpath:tests]
]]></system-out>
  </testcase>
  <testcase name="takeScreenshotOnFailure" classname="tests.GuestCheckoutTest" time="0">
    <skipped/>
  </testcase>
  <testcase name="takeScreenshotOnFailure" classname="tests.GuestCheckoutTest" time="0">
    <skipped/>
  </testcase>
  <testcase name="takeScreenshotOnFailure" classname="tests.GuestCheckoutTest" time="0">
    <skipped/>
  </testcase>
  <testcase name="takeScreenshotOnFailure" classname="tests.GuestCheckoutTest" time="0">
    <skipped/>
  </testcase>
  <testcase name="userCanAddToCart" classname="tests.GuestCheckoutTest" time="0">
    <skipped/>
  </testcase>
  <testcase name="guestUserCanCheckout" classname="tests.GuestCheckoutTest" time="0">
    <skipped/>
  </testcase>
  <testcase name="downloadAndPrintInvoice" classname="tests.GuestCheckoutTest" time="0">
    <skipped/>
  </testcase>
  <testcase name="testRegistrationPage" classname="tests.EmailFriendPageTest" time="0">
    <skipped/>
    <system-out><![CDATA[
0 Scenarios
0 Steps
0m0.000s

No features found at [classpath:tests]
]]></system-out>
  </testcase>
  <testcase name="takeScreenshotOnFailure" classname="tests.EmailFriendPageTest" time="0">
    <skipped/>
  </testcase>
  <testcase name="takeScreenshotOnFailure" classname="tests.EmailFriendPageTest" time="0">
    <skipped/>
  </testcase>
  <testcase name="takeScreenshotOnFailure" classname="tests.EmailFriendPageTest" time="0">
    <skipped/>
  </testcase>
  <testcase name="takeScreenshotOnFailure" classname="tests.EmailFriendPageTest" time="0">
    <skipped/>
  </testcase>
  <testcase name="searchForItem" classname="tests.EmailFriendPageTest" time="0">
    <skipped/>
  </testcase>
  <testcase name="emailAFriend" classname="tests.EmailFriendPageTest" time="0">
    <skipped/>
  </testcase>
  <testcase name="testClickingLogout" classname="tests.EmailFriendPageTest" time="0">
    <skipped/>
  </testcase>
  <testcase name="userCanChangecurrency" classname="tests.ChangeCurrencyTest" time="0">
    <skipped/>
    <system-out><![CDATA[
0 Scenarios
0 Steps
0m0.000s

No features found at [classpath:tests]
]]></system-out>
  </testcase>
  <testcase name="takeScreenshotOnFailure" classname="tests.ChangeCurrencyTest" time="0">
    <skipped/>
  </testcase>
  <testcase name="takeScreenshotOnFailure" classname="tests.ChangeCurrencyTest" time="0">
    <skipped/>
  </testcase>
  <testcase name="takeScreenshotOnFailure" classname="tests.ChangeCurrencyTest" time="0">
    <skipped/>
  </testcase>
  <testcase name="searchForItemUsingAutoSuggession" classname="tests.ChangeCurrencyTest" time="0">
    <skipped/>
  </testcase>
  <testcase name="userCanChangecurrencyAgain" classname="tests.ChangeCurrencyTest" time="0">
    <skipped/>
  </testcase>
  <testcase name="setUp" classname="tests.SeleniumGridRegistrationTest" time="0">
    <skipped/>
    <system-out><![CDATA[
0 Scenarios
0 Steps
0m0.000s

]]></system-out>
  </testcase>
  <testcase name="testRegistrationPage" classname="tests.SeleniumGridRegistrationTest" time="0">
    <skipped/>
  </testcase>
  <testcase name="screenshotOnFailure" classname="tests.SeleniumGridRegistrationTest" time="0">
    <skipped/>
  </testcase>
  <testcase name="screenshotOnFailure" classname="tests.SeleniumGridRegistrationTest" time="0">
    <skipped/>
  </testcase>
  <testcase name="screenshotOnFailure" classname="tests.SeleniumGridRegistrationTest" time="0">
    <skipped/>
  </testcase>
  <testcase name="screenshotOnFailure" classname="tests.SeleniumGridRegistrationTest" time="0">
    <skipped/>
  </testcase>
  <testcase name="testClickingLogout" classname="tests.SeleniumGridRegistrationTest" time="0">
    <skipped/>
  </testcase>
  <testcase name="testClickingLogin" classname="tests.SeleniumGridRegistrationTest" time="0">
    <skipped/>
  </testcase>
  <testcase name="testClickingLogoutAgain" classname="tests.SeleniumGridRegistrationTest" time="0">
    <skipped/>
  </testcase>
  <testcase name="stopDriver" classname="tests.SeleniumGridRegistrationTest" time="0">
    <skipped/>
  </testcase>
  <testcase name="testRegistrationPage" classname="tests.RegisteredUserCheckoutTest" time="0">
    <skipped/>
    <system-out><![CDATA[No features found at [classpath:tests]
]]></system-out>
  </testcase>
  <testcase name="takeScreenshotOnFailure" classname="tests.RegisteredUserCheckoutTest" time="0">
    <skipped/>
  </testcase>
  <testcase name="takeScreenshotOnFailure" classname="tests.RegisteredUserCheckoutTest" time="0">
    <skipped/>
  </testcase>
  <testcase name="takeScreenshotOnFailure" classname="tests.RegisteredUserCheckoutTest" time="0">
    <skipped/>
  </testcase>
  <testcase name="takeScreenshotOnFailure" classname="tests.RegisteredUserCheckoutTest" time="0">
    <skipped/>
  </testcase>
  <testcase name="takeScreenshotOnFailure" classname="tests.RegisteredUserCheckoutTest" time="0">
    <skipped/>
  </testcase>
  <testcase name="searchForItemAndAddItToCart" classname="tests.RegisteredUserCheckoutTest" time="0">
    <skipped/>
  </testcase>
  <testcase name="userCanAddToCart" classname="tests.RegisteredUserCheckoutTest" time="0">
    <skipped/>
  </testcase>
  <testcase name="downloadAndPrintInvoice" classname="tests.RegisteredUserCheckoutTest" time="0">
    <skipped/>
  </testcase>
  <testcase name="testClickingLogout" classname="tests.RegisteredUserCheckoutTest" time="0">
    <skipped/>
  </testcase>
  <testcase name="userCanHoverMenu" classname="tests.HoverMenuTest" time="0">
    <skipped/>
    <system-out><![CDATA[
0 Scenarios
0 Steps
0m0.000s

No features found at [classpath:tests]
]]></system-out>
  </testcase>
  <testcase name="takeScreenshotOnFailure" classname="tests.HoverMenuTest" time="0">
    <skipped/>
  </testcase>
  <testcase name="fillContactUsForm" classname="tests.ContactUsPageTest" time="0">
    <skipped/>
    <system-out><![CDATA[
0 Scenarios
0 Steps
0m0.000s

No features found at [classpath:tests]
]]></system-out>
  </testcase>
  <testcase name="takeScreenshotOnFailure" classname="tests.ContactUsPageTest" time="0">
    <skipped/>
  </testcase>
  <testcase name="testRegistrationPage" classname="tests.RegistrationPageTest" time="0">
    <skipped/>
    <system-out><![CDATA[
0 Scenarios
0 Steps
0m0.000s

No features found at [classpath:tests]
]]></system-out>
  </testcase>
  <testcase name="takeScreenshotOnFailure" classname="tests.RegistrationPageTest" time="0">
    <skipped/>
  </testcase>
  <testcase name="takeScreenshotOnFailure" classname="tests.RegistrationPageTest" time="0">
    <skipped/>
  </testcase>
  <testcase name="takeScreenshotOnFailure" classname="tests.RegistrationPageTest" time="0">
    <skipped/>
  </testcase>
  <testcase name="takeScreenshotOnFailure" classname="tests.RegistrationPageTest" time="0">
    <skipped/>
  </testcase>
  <testcase name="testClickingLogout" classname="tests.RegistrationPageTest" time="0">
    <skipped/>
  </testcase>
  <testcase name="testClickingLogin" classname="tests.RegistrationPageTest" time="0">
    <skipped/>
  </testcase>
  <testcase name="testClickingLogoutAgain" classname="tests.RegistrationPageTest" time="0">
    <skipped/>
  </testcase>
  <testcase name="searchForItemsAndAddThemToCompareList" classname="tests.AddToCompareListTest" time="0">
    <skipped/>
    <system-out><![CDATA[
0 Scenarios
0 Steps
0m0.000s

No features found at [classpath:tests]

0 Scenarios
0 Steps
0m0.000s

No features found at [classpath:tests]
]]></system-out>
  </testcase>
  <testcase name="takeScreenshotOnFailure" classname="tests.AddToCompareListTest" time="0">
    <skipped/>
  </testcase>
  <testcase name="takeScreenshotOnFailure" classname="tests.AddToCompareListTest" time="0">
    <skipped/>
  </testcase>
  <testcase name="clearCompareListItems" classname="tests.AddToCompareListTest" time="0">
    <skipped/>
  </testcase>
  <testcase name="searchForItemAndAddItToCart" classname="tests.AddToCartPageTest" time="0">
    <skipped/>
    <system-out><![CDATA[
0 Scenarios
0 Steps
0m0.000s

No features found at [classpath:tests]
]]></system-out>
  </testcase>
  <testcase name="takeScreenshotOnFailure" classname="tests.AddToCartPageTest" time="0">
    <skipped/>
  </testcase>
  <testcase name="takeScreenshotOnFailure" classname="tests.AddToCartPageTest" time="0">
    <skipped/>
  </testcase>
  <testcase name="takeScreenshotOnFailure" classname="tests.AddToCartPageTest" time="0">
    <skipped/>
  </testcase>
  <testcase name="takeScreenshotOnFailure" classname="tests.AddToCartPageTest" time="0">
    <skipped/>
  </testcase>
  <testcase name="userCanAddToCart" classname="tests.AddToCartPageTest" time="0">
    <skipped/>
  </testcase>
  <testcase name="userCanChangeQuantity" classname="tests.AddToCartPageTest" time="0">
    <skipped/>
  </testcase>
  <testcase name="userCanClearCart" classname="tests.AddToCartPageTest" time="0">
    <skipped/>
  </testcase>
  <testcase name="testRegistrationPage" classname="tests.AddReviewPageTest" time="0">
    <skipped/>
    <system-out><![CDATA[
0 Scenarios
0 Steps
0m0.000s

No features found at [classpath:tests]
]]></system-out>
  </testcase>
  <testcase name="takeScreenshotOnFailure" classname="tests.AddReviewPageTest" time="0">
    <skipped/>
  </testcase>
  <testcase name="takeScreenshotOnFailure" classname="tests.AddReviewPageTest" time="0">
    <skipped/>
  </testcase>
  <testcase name="takeScreenshotOnFailure" classname="tests.AddReviewPageTest" time="0">
    <skipped/>
  </testcase>
  <testcase name="takeScreenshotOnFailure" classname="tests.AddReviewPageTest" time="0">
    <skipped/>
  </testcase>
  <testcase name="searchForItem" classname="tests.AddReviewPageTest" time="0">
    <skipped/>
  </testcase>
  <testcase name="addProductReview" classname="tests.AddReviewPageTest" time="0">
    <skipped/>
  </testcase>
  <testcase name="testClickingLogout" classname="tests.AddReviewPageTest" time="0">
    <skipped/>
  </testcase>
  <testcase name="searchForItemUsingAutoSuggession" classname="tests.SearchPageTest" time="0">
    <skipped/>
    <system-out><![CDATA[
0 Scenarios
0 Steps
0m0.000s

No features found at [classpath:tests]
]]></system-out>
  </testcase>
  <testcase name="takeScreenshotOnFailure" classname="tests.SearchPageTest" time="0">
    <skipped/>
  </testcase>
  <testcase name="testRegistrationPage" classname="tests.MyAccountPageTest" time="0">
    <skipped/>
    <system-out><![CDATA[
0 Scenarios
0 Steps
0m0.000s

No features found at [classpath:tests]
]]></system-out>
  </testcase>
  <testcase name="takeScreenshotOnFailure" classname="tests.MyAccountPageTest" time="0">
    <skipped/>
  </testcase>
  <testcase name="takeScreenshotOnFailure" classname="tests.MyAccountPageTest" time="0">
    <skipped/>
  </testcase>
  <testcase name="takeScreenshotOnFailure" classname="tests.MyAccountPageTest" time="0">
    <skipped/>
  </testcase>
  <testcase name="takeScreenshotOnFailure" classname="tests.MyAccountPageTest" time="0">
    <skipped/>
  </testcase>
  <testcase name="testChangePassword" classname="tests.MyAccountPageTest" time="0">
    <skipped/>
  </testcase>
  <testcase name="testClickingLogout" classname="tests.MyAccountPageTest" time="0">
    <skipped/>
  </testcase>
  <testcase name="testClickingLogin" classname="tests.MyAccountPageTest" time="0">
    <skipped/>
  </testcase>
  <testcase name="stopDriver" classname="tests.WishlistPageTest" time="0">
    <skipped/>
    <system-out><![CDATA[
0 Scenarios
0 Steps
0m0.000s

]]></system-out>
  </testcase>
</testsuite>