-------------------------------------------------------------------------------
Test set: test.Day1_csvFile
-------------------------------------------------------------------------------
Tests run: 1, Failures: 1, Errors: 0, Skipped: 0, Time elapsed: 8.842 sec <<< FAILURE! - in test.Day1_csvFile
validateOnPrice(test.Day1_csvFile)  Time elapsed: 5.076 sec  <<< FAILURE!
java.io.FileNotFoundException: E:\project\framework\dataFiles\csvfile.csv (No such file or directory)
	at test.Day1_csvFile.validateOnPrice(Day1_csvFile.java:49)

