-------------------------------------------------------------------------------
Test set: test.Day1_JasonFile
-------------------------------------------------------------------------------
Tests run: 1, Failures: 1, Errors: 0, Skipped: 0, Time elapsed: 8.819 sec <<< FAILURE! - in test.Day1_JasonFile
validateOnPrice(test.Day1_JasonFile)  Time elapsed: 5.086 sec  <<< FAILURE!
java.io.FileNotFoundException: E:\project\framework\dataFiles\jason.jason (No such file or directory)
	at test.Day1_JasonFile.validateOnPrice(Day1_JasonFile.java:43)

