-------------------------------------------------------------------------------
Test set: test.Day1_grid
-------------------------------------------------------------------------------
Tests run: 8, Failures: 1, Errors: 0, Skipped: 7, Time elapsed: 6.521 sec <<< FAILURE! - in test.Day1_grid
setDriver(test.Day1_grid)  Time elapsed: 1.204 sec  <<< FAILURE!
org.openqa.selenium.remote.UnreachableBrowserException: 
Could not start a new session. Possible causes are invalid address of the remote server or browser start-up failure.
Build info: version: '3.8.1', revision: '6e95a6684b', time: '2017-12-01T18:33:54.468Z'
System info: host: 'IgNOrEs-iMac.local', ip: 'fd94:a79a:9ca5:0:610d:b579:8964:98a2%en0', os.name: 'Mac OS X', os.arch: 'x86_64', os.version: '10.15.7', java.version: '18.0.1.1'
Driver info: driver.version: RemoteWebDriver
	at test.Day1_grid.setDriver(Day1_grid.java:31)
Caused by: org.apache.http.conn.HttpHostConnectException: Connect to localhost:4455 [localhost/127.0.0.1, localhost/0:0:0:0:0:0:0:1] failed: Connection refused
	at test.Day1_grid.setDriver(Day1_grid.java:31)
Caused by: java.net.ConnectException: Connection refused
	at test.Day1_grid.setDriver(Day1_grid.java:31)

